# JRE version: Java(TM) SE Runtime Environment (8.0_71-b15) (build 1.8.0_71-b15)
# Java VM: Java HotSpot(TM) 64-Bit Server VM (25.71-b15 mixed mode windows-amd64 compressed oops)
Heap:
 PSYoungGen      total 658944K, used 414690K [0x000000076ab00000, 0x00000007a9300000, 0x00000007c0000000)
  eden space 415232K, 41% used [0x000000076ab00000,0x00000007753aa450,0x0000000784080000)
  from space 243712K, 99% used [0x0000000784080000,0x0000000792e7ebb8,0x0000000792e80000)
  to   space 286720K, 0% used [0x0000000797b00000,0x0000000797b00000,0x00000007a9300000)
 ParOldGen       total 895488K, used 608277K [0x00000006c0000000, 0x00000006f6a80000, 0x000000076ab00000)
  object space 895488K, 67% used [0x00000006c0000000,0x00000006e5205658,0x00000006f6a80000)
 Metaspace       used 6672K, capacity 7320K, committed 7680K, reserved 1056768K
  class space    used 629K, capacity 656K, committed 768K, reserved 1048576K
GC Heap History (10 events):
Event: 96.156 GC heap before
{Heap before GC invocations=25 (full 6):
 PSYoungGen      total 525824K, used 148977K [0x000000076ab00000, 0x00000007a0180000, 0x00000007c0000000)
  eden space 376832K, 0% used [0x000000076ab00000,0x000000076ab00000,0x0000000781b00000)
  from space 148992K, 99% used [0x0000000781b00000,0x000000078ac7c6c0,0x000000078ac80000)
  to   space 228864K, 0% used [0x0000000792200000,0x0000000792200000,0x00000007a0180000)
 ParOldGen       total 652288K, used 588808K [0x00000006c0000000, 0x00000006e7d00000, 0x000000076ab00000)
  object space 652288K, 90% used [0x00000006c0000000,0x00000006e3f022b0,0x00000006e7d00000)
 Metaspace       used 6658K, capacity 7320K, committed 7680K, reserved 1056768K
  class space    used 628K, capacity 656K, committed 768K, reserved 1048576K
Event: 102.655 GC heap after
Heap after GC invocations=25 (full 6):
 PSYoungGen      total 525824K, used 0K [0x000000076ab00000, 0x00000007a0180000, 0x00000007c0000000)
  eden space 376832K, 0% used [0x000000076ab00000,0x000000076ab00000,0x0000000781b00000)
  from space 148992K, 0% used [0x0000000781b00000,0x0000000781b00000,0x000000078ac80000)
  to   space 228864K, 0% used [0x0000000792200000,0x0000000792200000,0x00000007a0180000)
 ParOldGen       total 895488K, used 601926K [0x00000006c0000000, 0x00000006f6a80000, 0x000000076ab00000)
  object space 895488K, 67% used [0x00000006c0000000,0x00000006e4bd19e0,0x00000006f6a80000)
 Metaspace       used 6658K, capacity 7320K, committed 7680K, reserved 1056768K
  class space    used 628K, capacity 656K, committed 768K, reserved 1048576K
}
Event: 106.239 GC heap before
{Heap before GC invocations=26 (full 6):
 PSYoungGen      total 525824K, used 376832K [0x000000076ab00000, 0x00000007a0180000, 0x00000007c0000000)
  eden space 376832K, 100% used [0x000000076ab00000,0x0000000781b00000,0x0000000781b00000)
  from space 148992K, 0% used [0x0000000781b00000,0x0000000781b00000,0x000000078ac80000)
  to   space 228864K, 0% used [0x0000000792200000,0x0000000792200000,0x00000007a0180000)
 ParOldGen       total 895488K, used 601926K [0x00000006c0000000, 0x00000006f6a80000, 0x000000076ab00000)
  object space 895488K, 67% used [0x00000006c0000000,0x00000006e4bd19e0,0x00000006f6a80000)
 Metaspace       used 6658K, capacity 7320K, committed 7680K, reserved 1056768K
  class space    used 628K, capacity 656K, committed 768K, reserved 1048576K
Event: 106.537 GC heap after
Heap after GC invocations=26 (full 6):
 PSYoungGen      total 605184K, used 54513K [0x000000076ab00000, 0x000000079e300000, 0x00000007c0000000)
  eden space 407552K, 0% used [0x000000076ab00000,0x000000076ab00000,0x0000000783900000)
  from space 197632K, 27% used [0x0000000792200000,0x000000079573c5b0,0x000000079e300000)
  to   space 218112K, 0% used [0x0000000783900000,0x0000000783900000,0x0000000790e00000)
 ParOldGen       total 895488K, used 601926K [0x00000006c0000000, 0x00000006f6a80000, 0x000000076ab00000)
  object space 895488K, 67% used [0x00000006c0000000,0x00000006e4bd19e0,0x00000006f6a80000)
 Metaspace       used 6658K, capacity 7320K, committed 7680K, reserved 1056768K
  class space    used 628K, capacity 656K, committed 768K, reserved 1048576K
}
Event: 114.425 GC heap before
{Heap before GC invocations=27 (full 6):
 PSYoungGen      total 605184K, used 462065K [0x000000076ab00000, 0x000000079e300000, 0x00000007c0000000)
  eden space 407552K, 100% used [0x000000076ab00000,0x0000000783900000,0x0000000783900000)
  from space 197632K, 27% used [0x0000000792200000,0x000000079573c5b0,0x000000079e300000)
  to   space 218112K, 0% used [0x0000000783900000,0x0000000783900000,0x0000000790e00000)
 ParOldGen       total 895488K, used 601926K [0x00000006c0000000, 0x00000006f6a80000, 0x000000076ab00000)
  object space 895488K, 67% used [0x00000006c0000000,0x00000006e4bd19e0,0x00000006f6a80000)
 Metaspace       used 6660K, capacity 7320K, committed 7680K, reserved 1056768K
  class space    used 628K, capacity 656K, committed 768K, reserved 1048576K
Event: 115.010 GC heap after
Heap after GC invocations=27 (full 6):
 PSYoungGen      total 625664K, used 120014K [0x000000076ab00000, 0x00000007a0580000, 0x00000007c0000000)
  eden space 407552K, 0% used [0x000000076ab00000,0x000000076ab00000,0x0000000783900000)
  from space 218112K, 55% used [0x0000000783900000,0x000000078ae339f0,0x0000000790e00000)
  to   space 220160K, 0% used [0x0000000792e80000,0x0000000792e80000,0x00000007a0580000)
 ParOldGen       total 895488K, used 601926K [0x00000006c0000000, 0x00000006f6a80000, 0x000000076ab00000)
  object space 895488K, 67% used [0x00000006c0000000,0x00000006e4bd19e0,0x00000006f6a80000)
 Metaspace       used 6660K, capacity 7320K, committed 7680K, reserved 1056768K
  class space    used 628K, capacity 656K, committed 768K, reserved 1048576K
}
Event: 121.216 GC heap before
{Heap before GC invocations=28 (full 6):
 PSYoungGen      total 625664K, used 527566K [0x000000076ab00000, 0x00000007a0580000, 0x00000007c0000000)
  eden space 407552K, 100% used [0x000000076ab00000,0x0000000783900000,0x0000000783900000)
  from space 218112K, 55% used [0x0000000783900000,0x000000078ae339f0,0x0000000790e00000)
  to   space 220160K, 0% used [0x0000000792e80000,0x0000000792e80000,0x00000007a0580000)
 ParOldGen       total 895488K, used 601926K [0x00000006c0000000, 0x00000006f6a80000, 0x000000076ab00000)
  object space 895488K, 67% used [0x00000006c0000000,0x00000006e4bd19e0,0x00000006f6a80000)
 Metaspace       used 6662K, capacity 7320K, committed 7680K, reserved 1056768K
  class space    used 628K, capacity 656K, committed 768K, reserved 1048576K
Event: 122.076 GC heap after
Heap after GC invocations=28 (full 6):
 PSYoungGen      total 635392K, used 182512K [0x000000076ab00000, 0x00000007a3600000, 0x00000007c0000000)
  eden space 415232K, 0% used [0x000000076ab00000,0x000000076ab00000,0x0000000784080000)
  from space 220160K, 82% used [0x0000000792e80000,0x000000079e0bc3e0,0x00000007a0580000)
  to   space 243712K, 0% used [0x0000000784080000,0x0000000784080000,0x0000000792e80000)
 ParOldGen       total 895488K, used 601926K [0x00000006c0000000, 0x00000006f6a80000, 0x000000076ab00000)
  object space 895488K, 67% used [0x00000006c0000000,0x00000006e4bd19e0,0x00000006f6a80000)
 Metaspace       used 6662K, capacity 7320K, committed 7680K, reserved 1056768K
  class space    used 628K, capacity 656K, committed 768K, reserved 1048576K
}
Event: 130.271 GC heap before
{Heap before GC invocations=29 (full 6):
 PSYoungGen      total 635392K, used 597744K [0x000000076ab00000, 0x00000007a3600000, 0x00000007c0000000)
  eden space 415232K, 100% used [0x000000076ab00000,0x0000000784080000,0x0000000784080000)
  from space 220160K, 82% used [0x0000000792e80000,0x000000079e0bc3e0,0x00000007a0580000)
  to   space 243712K, 0% used [0x0000000784080000,0x0000000784080000,0x0000000792e80000)
 ParOldGen       total 895488K, used 601926K [0x00000006c0000000, 0x00000006f6a80000, 0x000000076ab00000)
  object space 895488K, 67% used [0x00000006c0000000,0x00000006e4bd19e0,0x00000006f6a80000)
 Metaspace       used 6662K, capacity 7320K, committed 7680K, reserved 1056768K
  class space    used 628K, capacity 656K, committed 768K, reserved 1048576K
Event: 131.329 GC heap after
Heap after GC invocations=29 (full 6):
 PSYoungGen      total 658944K, used 243706K [0x000000076ab00000, 0x00000007a9300000, 0x00000007c0000000)
  eden space 415232K, 0% used [0x000000076ab00000,0x000000076ab00000,0x0000000784080000)
  from space 243712K, 99% used [0x0000000784080000,0x0000000792e7ebb8,0x0000000792e80000)
  to   space 286720K, 0% used [0x0000000797b00000,0x0000000797b00000,0x00000007a9300000)
 ParOldGen       total 895488K, used 608277K [0x00000006c0000000, 0x00000006f6a80000, 0x000000076ab00000)
  object space 895488K, 67% used [0x00000006c0000000,0x00000006e5205658,0x00000006f6a80000)
 Metaspace       used 6662K, capacity 7320K, committed 7680K, reserved 1056768K
  class space    used 628K, capacity 656K, committed 768K, reserved 1048576K
}

